{
  "RSpec": {
    "coverage": {
      "/Users/trishgriego/ada/week6/door/door.rb": [
        null,
        null,
        1,
        null,
        null,
        null,
        1,
        null,
        3,
        3,
        null,
        null,
        null,
        null,
        null,
        1,
        null,
        3,
        1,
        null,
        null,
        2,
        2,
        null,
        null,
        0,
        0,
        null,
        null,
        null,
        null,
        null,
        null,
        null,
        null,
        null,
        null,
        null,
        null,
        null,
        null,
        null,
        null,
        null,
        null,
        null,
        null,
        null,
        null,
        null,
        null,
        null,
        null,
        null,
        null,
        null,
        null,
        null,
        null,
        null,
        null,
        null,
        null,
        null,
        null,
        null,
        null,
        null,
        null,
        null,
        null,
        null,
        null,
        null,
        null,
        null,
        null,
        null,
        null,
        null,
        null,
        null,
        null,
        null,
        null
      ]
    },
    "timestamp": 1474419241
  }
}
